2026-03-03 17:22:05,698 [INFO] [Pipeline A] Starting for account: acct_001
2026-03-03 17:22:05,699 [INFO] [Pipeline A] Transcript loaded (2640 chars)
2026-03-03 17:22:05,703 [INFO] Saved: C:\Users\iamab\Downloads\files\outputs\accounts\acct_001\v1\account_memo.json
2026-03-03 17:22:05,704 [INFO] Saved: C:\Users\iamab\Downloads\files\outputs\accounts\acct_001\v1\agent_spec.json
2026-03-03 17:22:05,709 [INFO] [Pipeline A] Complete. Output: C:\Users\iamab\Downloads\files\outputs\accounts\acct_001\v1
2026-03-03 17:22:05,709 [WARNING] [Pipeline A] 1 unknowns flagged:
2026-03-03 17:22:05,710 [WARNING]   ? Emergency contact phone number not provided
2026-03-03 17:22:05,710 [INFO] [Pipeline B] Starting for account: acct_001
2026-03-03 17:22:05,721 [INFO] [Pipeline B] v1 memo loaded
2026-03-03 17:22:05,722 [INFO] [Pipeline B] Input detected as plain transcript
2026-03-03 17:22:05,725 [INFO] Saved: C:\Users\iamab\Downloads\files\outputs\accounts\acct_001\v2\account_memo.json
2026-03-03 17:22:05,727 [INFO] Saved: C:\Users\iamab\Downloads\files\outputs\accounts\acct_001\v2\agent_spec.json
2026-03-03 17:22:05,729 [INFO] Saved: C:\Users\iamab\Downloads\files\changelog\acct_001_changes.json
2026-03-03 17:22:05,731 [INFO] Saved markdown changelog: C:\Users\iamab\Downloads\files\changelog\acct_001_changes.md
2026-03-03 17:22:05,732 [INFO] [Pipeline B] Complete. Output: C:\Users\iamab\Downloads\files\outputs\accounts\acct_001\v2
2026-03-03 17:22:05,732 [INFO] [Pipeline B] Changelog: C:\Users\iamab\Downloads\files\changelog\acct_001_changes.json
2026-03-03 17:22:05,732 [INFO] [Pipeline A] Starting for account: acct_002
2026-03-03 17:22:05,733 [INFO] [Pipeline A] Transcript loaded (1471 chars)
2026-03-03 17:22:05,735 [INFO] Saved: C:\Users\iamab\Downloads\files\outputs\accounts\acct_002\v1\account_memo.json
2026-03-03 17:22:05,737 [INFO] Saved: C:\Users\iamab\Downloads\files\outputs\accounts\acct_002\v1\agent_spec.json
2026-03-03 17:22:05,741 [INFO] [Pipeline A] Complete. Output: C:\Users\iamab\Downloads\files\outputs\accounts\acct_002\v1
2026-03-03 17:22:05,741 [WARNING] [Pipeline A] 2 unknowns flagged:
2026-03-03 17:22:05,742 [WARNING]   ? Emergency triggers not defined
2026-03-03 17:22:05,742 [WARNING]   ? Emergency contact phone number not provided
2026-03-03 17:22:05,742 [INFO] [Pipeline B] Starting for account: acct_002
2026-03-03 17:22:05,754 [INFO] [Pipeline B] v1 memo loaded
2026-03-03 17:22:05,754 [INFO] [Pipeline B] Input detected as plain transcript
2026-03-03 17:22:05,757 [INFO] Saved: C:\Users\iamab\Downloads\files\outputs\accounts\acct_002\v2\account_memo.json
2026-03-03 17:22:05,760 [INFO] Saved: C:\Users\iamab\Downloads\files\outputs\accounts\acct_002\v2\agent_spec.json
2026-03-03 17:22:05,762 [INFO] Saved: C:\Users\iamab\Downloads\files\changelog\acct_002_changes.json
2026-03-03 17:22:05,764 [INFO] Saved markdown changelog: C:\Users\iamab\Downloads\files\changelog\acct_002_changes.md
2026-03-03 17:22:05,764 [INFO] [Pipeline B] Complete. Output: C:\Users\iamab\Downloads\files\outputs\accounts\acct_002\v2
2026-03-03 17:22:05,764 [INFO] [Pipeline B] Changelog: C:\Users\iamab\Downloads\files\changelog\acct_002_changes.json
2026-03-03 17:22:05,765 [INFO] [Pipeline A] Starting for account: acct_003
2026-03-03 17:22:05,765 [INFO] [Pipeline A] Transcript loaded (1489 chars)
2026-03-03 17:22:05,767 [INFO] Saved: C:\Users\iamab\Downloads\files\outputs\accounts\acct_003\v1\account_memo.json
2026-03-03 17:22:05,768 [INFO] Saved: C:\Users\iamab\Downloads\files\outputs\accounts\acct_003\v1\agent_spec.json
2026-03-03 17:22:05,772 [INFO] [Pipeline A] Complete. Output: C:\Users\iamab\Downloads\files\outputs\accounts\acct_003\v1
2026-03-03 17:22:05,772 [WARNING] [Pipeline A] 1 unknowns flagged:
2026-03-03 17:22:05,772 [WARNING]   ? Emergency contact phone number not provided
2026-03-03 17:22:05,773 [INFO] [Pipeline B] Starting for account: acct_003
2026-03-03 17:22:05,785 [INFO] [Pipeline B] v1 memo loaded
2026-03-03 17:22:05,786 [INFO] [Pipeline B] Input detected as plain transcript
2026-03-03 17:22:05,790 [INFO] Saved: C:\Users\iamab\Downloads\files\outputs\accounts\acct_003\v2\account_memo.json
2026-03-03 17:22:05,793 [INFO] Saved: C:\Users\iamab\Downloads\files\outputs\accounts\acct_003\v2\agent_spec.json
2026-03-03 17:22:05,797 [INFO] Saved: C:\Users\iamab\Downloads\files\changelog\acct_003_changes.json
2026-03-03 17:22:05,799 [INFO] Saved markdown changelog: C:\Users\iamab\Downloads\files\changelog\acct_003_changes.md
2026-03-03 17:22:05,800 [INFO] [Pipeline B] Complete. Output: C:\Users\iamab\Downloads\files\outputs\accounts\acct_003\v2
2026-03-03 17:22:05,801 [INFO] [Pipeline B] Changelog: C:\Users\iamab\Downloads\files\changelog\acct_003_changes.json
2026-03-03 17:22:05,801 [INFO] [Pipeline A] Starting for account: acct_004
2026-03-03 17:22:05,802 [INFO] [Pipeline A] Transcript loaded (1229 chars)
2026-03-03 17:22:05,806 [INFO] Saved: C:\Users\iamab\Downloads\files\outputs\accounts\acct_004\v1\account_memo.json
2026-03-03 17:22:05,811 [INFO] Saved: C:\Users\iamab\Downloads\files\outputs\accounts\acct_004\v1\agent_spec.json
2026-03-03 17:22:05,818 [INFO] [Pipeline A] Complete. Output: C:\Users\iamab\Downloads\files\outputs\accounts\acct_004\v1
2026-03-03 17:22:05,818 [WARNING] [Pipeline A] 2 unknowns flagged:
2026-03-03 17:22:05,819 [WARNING]   ? Emergency triggers not defined
2026-03-03 17:22:05,819 [WARNING]   ? Emergency contact phone number not provided
2026-03-03 17:22:05,820 [INFO] [Pipeline B] Starting for account: acct_004
2026-03-03 17:22:05,835 [INFO] [Pipeline B] v1 memo loaded
2026-03-03 17:22:05,835 [INFO] [Pipeline B] Input detected as plain transcript
2026-03-03 17:22:05,837 [INFO] Saved: C:\Users\iamab\Downloads\files\outputs\accounts\acct_004\v2\account_memo.json
2026-03-03 17:22:05,839 [INFO] Saved: C:\Users\iamab\Downloads\files\outputs\accounts\acct_004\v2\agent_spec.json
2026-03-03 17:22:05,841 [INFO] Saved: C:\Users\iamab\Downloads\files\changelog\acct_004_changes.json
2026-03-03 17:22:05,843 [INFO] Saved markdown changelog: C:\Users\iamab\Downloads\files\changelog\acct_004_changes.md
2026-03-03 17:22:05,843 [INFO] [Pipeline B] Complete. Output: C:\Users\iamab\Downloads\files\outputs\accounts\acct_004\v2
2026-03-03 17:22:05,844 [INFO] [Pipeline B] Changelog: C:\Users\iamab\Downloads\files\changelog\acct_004_changes.json
2026-03-03 17:22:05,844 [INFO] [Pipeline A] Starting for account: acct_005
2026-03-03 17:22:05,845 [INFO] [Pipeline A] Transcript loaded (1610 chars)
2026-03-03 17:22:05,850 [INFO] Saved: C:\Users\iamab\Downloads\files\outputs\accounts\acct_005\v1\account_memo.json
2026-03-03 17:22:05,852 [INFO] Saved: C:\Users\iamab\Downloads\files\outputs\accounts\acct_005\v1\agent_spec.json
2026-03-03 17:22:05,856 [INFO] [Pipeline A] Complete. Output: C:\Users\iamab\Downloads\files\outputs\accounts\acct_005\v1
2026-03-03 17:22:05,857 [WARNING] [Pipeline A] 1 unknowns flagged:
2026-03-03 17:22:05,857 [WARNING]   ? Emergency contact phone number not provided
2026-03-03 17:22:05,857 [INFO] [Pipeline B] Starting for account: acct_005
2026-03-03 17:22:05,868 [INFO] [Pipeline B] v1 memo loaded
2026-03-03 17:22:05,868 [INFO] [Pipeline B] Input detected as plain transcript
2026-03-03 17:22:05,871 [INFO] Saved: C:\Users\iamab\Downloads\files\outputs\accounts\acct_005\v2\account_memo.json
2026-03-03 17:22:05,873 [INFO] Saved: C:\Users\iamab\Downloads\files\outputs\accounts\acct_005\v2\agent_spec.json
2026-03-03 17:22:05,875 [INFO] Saved: C:\Users\iamab\Downloads\files\changelog\acct_005_changes.json
2026-03-03 17:22:05,877 [INFO] Saved markdown changelog: C:\Users\iamab\Downloads\files\changelog\acct_005_changes.md
2026-03-03 17:22:05,877 [INFO] [Pipeline B] Complete. Output: C:\Users\iamab\Downloads\files\outputs\accounts\acct_005\v2
2026-03-03 17:22:05,878 [INFO] [Pipeline B] Changelog: C:\Users\iamab\Downloads\files\changelog\acct_005_changes.json
2026-03-03 17:22:05,883 [INFO] Saved: C:\Users\iamab\Downloads\files\outputs\logs\batch_summary.json
2026-03-03 17:22:05,884 [INFO] [Batch] Complete. 5 accounts processed.
