2026-03-03 17:20:52,771 [INFO] [Pipeline A] Starting for account: acct_001
2026-03-03 17:20:52,772 [INFO] [Pipeline A] Transcript loaded (2640 chars)
2026-03-03 17:20:52,774 [INFO] Saved: C:\Users\iamab\Downloads\files\outputs\accounts\acct_001\v1\account_memo.json
2026-03-03 17:20:52,776 [INFO] Saved: C:\Users\iamab\Downloads\files\outputs\accounts\acct_001\v1\agent_spec.json
2026-03-03 17:20:52,781 [INFO] [Pipeline A] Complete. Output: C:\Users\iamab\Downloads\files\outputs\accounts\acct_001\v1
2026-03-03 17:20:52,781 [WARNING] [Pipeline A] 1 unknowns flagged:
2026-03-03 17:20:52,782 [WARNING]   ? Emergency contact phone number not provided
2026-03-03 17:20:52,782 [INFO] [Pipeline B] Starting for account: acct_001
2026-03-03 17:20:52,793 [INFO] [Pipeline B] v1 memo loaded
2026-03-03 17:20:52,794 [INFO] [Pipeline B] Input detected as plain transcript
2026-03-03 17:20:52,796 [INFO] Saved: C:\Users\iamab\Downloads\files\outputs\accounts\acct_001\v2\account_memo.json
2026-03-03 17:20:52,798 [INFO] Saved: C:\Users\iamab\Downloads\files\outputs\accounts\acct_001\v2\agent_spec.json
2026-03-03 17:20:52,800 [INFO] Saved: C:\Users\iamab\Downloads\files\changelog\acct_001_changes.json
2026-03-03 17:20:52,801 [ERROR] [Batch] Pipeline B failed for acct_001: 'charmap' codec can't encode character '\u2192' in position 44: character maps to <undefined>
2026-03-03 17:20:52,802 [INFO] [Pipeline A] Starting for account: acct_002
2026-03-03 17:20:52,802 [INFO] [Pipeline A] Transcript loaded (1471 chars)
2026-03-03 17:20:52,804 [INFO] Saved: C:\Users\iamab\Downloads\files\outputs\accounts\acct_002\v1\account_memo.json
2026-03-03 17:20:52,805 [INFO] Saved: C:\Users\iamab\Downloads\files\outputs\accounts\acct_002\v1\agent_spec.json
2026-03-03 17:20:52,809 [INFO] [Pipeline A] Complete. Output: C:\Users\iamab\Downloads\files\outputs\accounts\acct_002\v1
2026-03-03 17:20:52,809 [WARNING] [Pipeline A] 2 unknowns flagged:
2026-03-03 17:20:52,809 [WARNING]   ? Emergency triggers not defined
2026-03-03 17:20:52,810 [WARNING]   ? Emergency contact phone number not provided
2026-03-03 17:20:52,810 [INFO] [Pipeline B] Starting for account: acct_002
2026-03-03 17:20:52,822 [INFO] [Pipeline B] v1 memo loaded
2026-03-03 17:20:52,822 [INFO] [Pipeline B] Input detected as plain transcript
2026-03-03 17:20:52,825 [INFO] Saved: C:\Users\iamab\Downloads\files\outputs\accounts\acct_002\v2\account_memo.json
2026-03-03 17:20:52,827 [INFO] Saved: C:\Users\iamab\Downloads\files\outputs\accounts\acct_002\v2\agent_spec.json
2026-03-03 17:20:52,828 [INFO] Saved: C:\Users\iamab\Downloads\files\changelog\acct_002_changes.json
2026-03-03 17:20:52,829 [ERROR] [Batch] Pipeline B failed for acct_002: 'charmap' codec can't encode character '\u2192' in position 44: character maps to <undefined>
2026-03-03 17:20:52,830 [INFO] [Pipeline A] Starting for account: acct_003
2026-03-03 17:20:52,830 [INFO] [Pipeline A] Transcript loaded (1489 chars)
2026-03-03 17:20:52,833 [INFO] Saved: C:\Users\iamab\Downloads\files\outputs\accounts\acct_003\v1\account_memo.json
2026-03-03 17:20:52,835 [INFO] Saved: C:\Users\iamab\Downloads\files\outputs\accounts\acct_003\v1\agent_spec.json
2026-03-03 17:20:52,839 [INFO] [Pipeline A] Complete. Output: C:\Users\iamab\Downloads\files\outputs\accounts\acct_003\v1
2026-03-03 17:20:52,839 [WARNING] [Pipeline A] 1 unknowns flagged:
2026-03-03 17:20:52,839 [WARNING]   ? Emergency contact phone number not provided
2026-03-03 17:20:52,839 [INFO] [Pipeline B] Starting for account: acct_003
2026-03-03 17:20:52,852 [INFO] [Pipeline B] v1 memo loaded
2026-03-03 17:20:52,852 [INFO] [Pipeline B] Input detected as plain transcript
2026-03-03 17:20:52,854 [INFO] Saved: C:\Users\iamab\Downloads\files\outputs\accounts\acct_003\v2\account_memo.json
2026-03-03 17:20:52,856 [INFO] Saved: C:\Users\iamab\Downloads\files\outputs\accounts\acct_003\v2\agent_spec.json
2026-03-03 17:20:52,858 [INFO] Saved: C:\Users\iamab\Downloads\files\changelog\acct_003_changes.json
2026-03-03 17:20:52,859 [ERROR] [Batch] Pipeline B failed for acct_003: 'charmap' codec can't encode character '\u2192' in position 44: character maps to <undefined>
2026-03-03 17:20:52,859 [INFO] [Pipeline A] Starting for account: acct_004
2026-03-03 17:20:52,860 [INFO] [Pipeline A] Transcript loaded (1229 chars)
2026-03-03 17:20:52,862 [INFO] Saved: C:\Users\iamab\Downloads\files\outputs\accounts\acct_004\v1\account_memo.json
2026-03-03 17:20:52,864 [INFO] Saved: C:\Users\iamab\Downloads\files\outputs\accounts\acct_004\v1\agent_spec.json
2026-03-03 17:20:52,869 [INFO] [Pipeline A] Complete. Output: C:\Users\iamab\Downloads\files\outputs\accounts\acct_004\v1
2026-03-03 17:20:52,869 [WARNING] [Pipeline A] 2 unknowns flagged:
2026-03-03 17:20:52,869 [WARNING]   ? Emergency triggers not defined
2026-03-03 17:20:52,869 [WARNING]   ? Emergency contact phone number not provided
2026-03-03 17:20:52,870 [INFO] [Pipeline B] Starting for account: acct_004
2026-03-03 17:20:52,881 [INFO] [Pipeline B] v1 memo loaded
2026-03-03 17:20:52,881 [INFO] [Pipeline B] Input detected as plain transcript
2026-03-03 17:20:52,884 [INFO] Saved: C:\Users\iamab\Downloads\files\outputs\accounts\acct_004\v2\account_memo.json
2026-03-03 17:20:52,886 [INFO] Saved: C:\Users\iamab\Downloads\files\outputs\accounts\acct_004\v2\agent_spec.json
2026-03-03 17:20:52,888 [INFO] Saved: C:\Users\iamab\Downloads\files\changelog\acct_004_changes.json
2026-03-03 17:20:52,890 [ERROR] [Batch] Pipeline B failed for acct_004: 'charmap' codec can't encode character '\u2192' in position 44: character maps to <undefined>
2026-03-03 17:20:52,890 [INFO] [Pipeline A] Starting for account: acct_005
2026-03-03 17:20:52,891 [INFO] [Pipeline A] Transcript loaded (1610 chars)
2026-03-03 17:20:52,892 [INFO] Saved: C:\Users\iamab\Downloads\files\outputs\accounts\acct_005\v1\account_memo.json
2026-03-03 17:20:52,894 [INFO] Saved: C:\Users\iamab\Downloads\files\outputs\accounts\acct_005\v1\agent_spec.json
2026-03-03 17:20:52,899 [INFO] [Pipeline A] Complete. Output: C:\Users\iamab\Downloads\files\outputs\accounts\acct_005\v1
2026-03-03 17:20:52,900 [WARNING] [Pipeline A] 1 unknowns flagged:
2026-03-03 17:20:52,900 [WARNING]   ? Emergency contact phone number not provided
2026-03-03 17:20:52,900 [INFO] [Pipeline B] Starting for account: acct_005
2026-03-03 17:20:52,912 [INFO] [Pipeline B] v1 memo loaded
2026-03-03 17:20:52,912 [INFO] [Pipeline B] Input detected as plain transcript
2026-03-03 17:20:52,915 [INFO] Saved: C:\Users\iamab\Downloads\files\outputs\accounts\acct_005\v2\account_memo.json
2026-03-03 17:20:52,917 [INFO] Saved: C:\Users\iamab\Downloads\files\outputs\accounts\acct_005\v2\agent_spec.json
2026-03-03 17:20:52,919 [INFO] Saved: C:\Users\iamab\Downloads\files\changelog\acct_005_changes.json
2026-03-03 17:20:52,920 [ERROR] [Batch] Pipeline B failed for acct_005: 'charmap' codec can't encode character '\u2192' in position 44: character maps to <undefined>
2026-03-03 17:20:52,926 [INFO] Saved: C:\Users\iamab\Downloads\files\outputs\logs\batch_summary.json
2026-03-03 17:20:52,926 [INFO] [Batch] Complete. 5 accounts processed.
