2026-03-03 17:20:02,405 [INFO] [Pipeline A] Starting for account: acct_001
2026-03-03 17:20:02,406 [INFO] [Pipeline A] Transcript loaded (2640 chars)
2026-03-03 17:20:02,409 [INFO] Saved: C:\Users\iamab\Downloads\files\outputs\accounts\acct_001\v1\account_memo.json
2026-03-03 17:20:02,412 [INFO] Saved: C:\Users\iamab\Downloads\files\outputs\accounts\acct_001\v1\agent_spec.json
2026-03-03 17:20:02,416 [INFO] [Pipeline A] Complete. Output: C:\Users\iamab\Downloads\files\outputs\accounts\acct_001\v1
2026-03-03 17:20:02,416 [WARNING] [Pipeline A] 1 unknowns flagged:
2026-03-03 17:20:02,417 [WARNING]   ? Emergency contact phone number not provided
2026-03-03 17:20:02,417 [INFO] [Pipeline B] Starting for account: acct_001
2026-03-03 17:20:02,429 [INFO] [Pipeline B] v1 memo loaded
2026-03-03 17:20:02,429 [INFO] [Pipeline B] Input detected as plain transcript
2026-03-03 17:20:02,432 [INFO] Saved: C:\Users\iamab\Downloads\files\outputs\accounts\acct_001\v2\account_memo.json
2026-03-03 17:20:02,433 [INFO] Saved: C:\Users\iamab\Downloads\files\outputs\accounts\acct_001\v2\agent_spec.json
2026-03-03 17:20:02,436 [INFO] Saved: C:\Users\iamab\Downloads\files\changelog\acct_001_changes.json
2026-03-03 17:20:02,437 [ERROR] [Batch] Pipeline B failed for acct_001: 'charmap' codec can't encode character '\u2192' in position 44: character maps to <undefined>
2026-03-03 17:20:02,437 [INFO] [Pipeline A] Starting for account: acct_002
2026-03-03 17:20:02,438 [INFO] [Pipeline A] Transcript loaded (1471 chars)
2026-03-03 17:20:02,440 [INFO] Saved: C:\Users\iamab\Downloads\files\outputs\accounts\acct_002\v1\account_memo.json
2026-03-03 17:20:02,442 [INFO] Saved: C:\Users\iamab\Downloads\files\outputs\accounts\acct_002\v1\agent_spec.json
2026-03-03 17:20:02,446 [INFO] [Pipeline A] Complete. Output: C:\Users\iamab\Downloads\files\outputs\accounts\acct_002\v1
2026-03-03 17:20:02,446 [WARNING] [Pipeline A] 2 unknowns flagged:
2026-03-03 17:20:02,446 [WARNING]   ? Emergency triggers not defined
2026-03-03 17:20:02,447 [WARNING]   ? Emergency contact phone number not provided
2026-03-03 17:20:02,447 [INFO] [Pipeline B] Starting for account: acct_002
2026-03-03 17:20:02,457 [INFO] [Pipeline B] v1 memo loaded
2026-03-03 17:20:02,457 [INFO] [Pipeline B] Input detected as plain transcript
2026-03-03 17:20:02,460 [INFO] Saved: C:\Users\iamab\Downloads\files\outputs\accounts\acct_002\v2\account_memo.json
2026-03-03 17:20:02,462 [INFO] Saved: C:\Users\iamab\Downloads\files\outputs\accounts\acct_002\v2\agent_spec.json
2026-03-03 17:20:02,463 [INFO] Saved: C:\Users\iamab\Downloads\files\changelog\acct_002_changes.json
2026-03-03 17:20:02,464 [ERROR] [Batch] Pipeline B failed for acct_002: 'charmap' codec can't encode character '\u2192' in position 44: character maps to <undefined>
2026-03-03 17:20:02,465 [INFO] [Pipeline A] Starting for account: acct_003
2026-03-03 17:20:02,466 [INFO] [Pipeline A] Transcript loaded (1489 chars)
2026-03-03 17:20:02,467 [INFO] Saved: C:\Users\iamab\Downloads\files\outputs\accounts\acct_003\v1\account_memo.json
2026-03-03 17:20:02,470 [INFO] Saved: C:\Users\iamab\Downloads\files\outputs\accounts\acct_003\v1\agent_spec.json
2026-03-03 17:20:02,473 [INFO] [Pipeline A] Complete. Output: C:\Users\iamab\Downloads\files\outputs\accounts\acct_003\v1
2026-03-03 17:20:02,473 [WARNING] [Pipeline A] 1 unknowns flagged:
2026-03-03 17:20:02,473 [WARNING]   ? Emergency contact phone number not provided
2026-03-03 17:20:02,474 [INFO] [Pipeline B] Starting for account: acct_003
2026-03-03 17:20:02,483 [INFO] [Pipeline B] v1 memo loaded
2026-03-03 17:20:02,484 [INFO] [Pipeline B] Input detected as plain transcript
2026-03-03 17:20:02,487 [INFO] Saved: C:\Users\iamab\Downloads\files\outputs\accounts\acct_003\v2\account_memo.json
2026-03-03 17:20:02,489 [INFO] Saved: C:\Users\iamab\Downloads\files\outputs\accounts\acct_003\v2\agent_spec.json
2026-03-03 17:20:02,491 [INFO] Saved: C:\Users\iamab\Downloads\files\changelog\acct_003_changes.json
2026-03-03 17:20:02,492 [ERROR] [Batch] Pipeline B failed for acct_003: 'charmap' codec can't encode character '\u2192' in position 44: character maps to <undefined>
2026-03-03 17:20:02,492 [INFO] [Pipeline A] Starting for account: acct_004
2026-03-03 17:20:02,493 [INFO] [Pipeline A] Transcript loaded (1229 chars)
2026-03-03 17:20:02,495 [INFO] Saved: C:\Users\iamab\Downloads\files\outputs\accounts\acct_004\v1\account_memo.json
2026-03-03 17:20:02,496 [INFO] Saved: C:\Users\iamab\Downloads\files\outputs\accounts\acct_004\v1\agent_spec.json
2026-03-03 17:20:02,499 [INFO] [Pipeline A] Complete. Output: C:\Users\iamab\Downloads\files\outputs\accounts\acct_004\v1
2026-03-03 17:20:02,500 [WARNING] [Pipeline A] 2 unknowns flagged:
2026-03-03 17:20:02,500 [WARNING]   ? Emergency triggers not defined
2026-03-03 17:20:02,500 [WARNING]   ? Emergency contact phone number not provided
2026-03-03 17:20:02,500 [INFO] [Pipeline B] Starting for account: acct_004
2026-03-03 17:20:02,510 [INFO] [Pipeline B] v1 memo loaded
2026-03-03 17:20:02,511 [INFO] [Pipeline B] Input detected as plain transcript
2026-03-03 17:20:02,514 [INFO] Saved: C:\Users\iamab\Downloads\files\outputs\accounts\acct_004\v2\account_memo.json
2026-03-03 17:20:02,515 [INFO] Saved: C:\Users\iamab\Downloads\files\outputs\accounts\acct_004\v2\agent_spec.json
2026-03-03 17:20:02,516 [INFO] Saved: C:\Users\iamab\Downloads\files\changelog\acct_004_changes.json
2026-03-03 17:20:02,517 [ERROR] [Batch] Pipeline B failed for acct_004: 'charmap' codec can't encode character '\u2192' in position 44: character maps to <undefined>
2026-03-03 17:20:02,518 [INFO] [Pipeline A] Starting for account: acct_005
2026-03-03 17:20:02,519 [INFO] [Pipeline A] Transcript loaded (1610 chars)
2026-03-03 17:20:02,521 [INFO] Saved: C:\Users\iamab\Downloads\files\outputs\accounts\acct_005\v1\account_memo.json
2026-03-03 17:20:02,522 [INFO] Saved: C:\Users\iamab\Downloads\files\outputs\accounts\acct_005\v1\agent_spec.json
2026-03-03 17:20:02,526 [INFO] [Pipeline A] Complete. Output: C:\Users\iamab\Downloads\files\outputs\accounts\acct_005\v1
2026-03-03 17:20:02,526 [WARNING] [Pipeline A] 1 unknowns flagged:
2026-03-03 17:20:02,527 [WARNING]   ? Emergency contact phone number not provided
2026-03-03 17:20:02,527 [INFO] [Pipeline B] Starting for account: acct_005
2026-03-03 17:20:02,537 [INFO] [Pipeline B] v1 memo loaded
2026-03-03 17:20:02,537 [INFO] [Pipeline B] Input detected as plain transcript
2026-03-03 17:20:02,540 [INFO] Saved: C:\Users\iamab\Downloads\files\outputs\accounts\acct_005\v2\account_memo.json
2026-03-03 17:20:02,542 [INFO] Saved: C:\Users\iamab\Downloads\files\outputs\accounts\acct_005\v2\agent_spec.json
2026-03-03 17:20:02,544 [INFO] Saved: C:\Users\iamab\Downloads\files\changelog\acct_005_changes.json
2026-03-03 17:20:02,545 [ERROR] [Batch] Pipeline B failed for acct_005: 'charmap' codec can't encode character '\u2192' in position 44: character maps to <undefined>
2026-03-03 17:20:02,550 [INFO] Saved: C:\Users\iamab\Downloads\files\outputs\logs\batch_summary.json
2026-03-03 17:20:02,551 [INFO] [Batch] Complete. 5 accounts processed.
